#
# There is insufficient memory for the Java Runtime Environment to continue.
# Native memory allocation (malloc) failed to allocate 1048576 bytes for AllocateHeap
# Possible reasons:
#   The system is out of physical RAM or swap space
#   In 32 bit mode, the process size limit was hit
# Possible solutions:
#   Reduce memory load on the system
#   Increase physical memory or swap space
#   Check if swap backing store is full
#   Use 64 bit Java on a 64 bit OS
#   Decrease Java heap size (-Xmx/-Xms)
#   Decrease number of Java threads
#   Decrease Java thread stack sizes (-Xss)
#   Set larger code cache with -XX:ReservedCodeCacheSize=
# This output file may be truncated or incomplete.
#
#  Out of Memory Error (memory/allocation.inline.hpp:61), pid=21412, tid=0x00000000000043ec
#
# JRE version:  (8.0_152-b16) (build )
# Java VM: Java HotSpot(TM) 64-Bit Server VM (25.152-b16 mixed mode windows-amd64 compressed oops)
# Failed to write core dump. Minidumps are not enabled by default on client versions of Windows
#

---------------  T H R E A D  ---------------

Current thread (0x0000000002dbd800):  JavaThread "Unknown thread" [_thread_in_vm, id=17388, stack(0x0000000002c90000,0x0000000002d90000)]

Stack: [0x0000000002c90000,0x0000000002d90000]
[error occurred during error reporting (printing stack bounds), id 0xc0000005]

Native frames: (J=compiled Java code, j=interpreted, Vv=VM code, C=native code)


---------------  P R O C E S S  ---------------

Java Threads: ( => current thread )

Other Threads:

=>0x0000000002dbd800 (exited) JavaThread "Unknown thread" [_thread_in_vm, id=17388, stack(0x0000000002c90000,0x0000000002d90000)]

VM state:not at safepoint (normal execution)

VM Mutex/Monitor currently owned by a thread: None

Heap:
 PSYoungGen      total 75776K, used 1300K [0x000000076b700000, 0x0000000770b80000, 0x00000007c0000000)
  eden space 65024K, 2% used [0x000000076b700000,0x000000076b8451f8,0x000000076f680000)
  from space 10752K, 0% used [0x0000000770100000,0x0000000770100000,0x0000000770b80000)
  to   space 10752K, 0% used [0x000000076f680000,0x000000076f680000,0x0000000770100000)
 ParOldGen       total 173568K, used 0K [0x00000006c2400000, 0x00000006ccd80000, 0x000000076b700000)
  object space 173568K, 0% used [0x00000006c2400000,0x00000006c2400000,0x00000006ccd80000)
 Metaspace       used 770K, capacity 4480K, committed 4480K, reserved 1056768K
  class space    used 75K, capacity 384K, committed 384K, reserved 1048576K

Card table byte_map: [0x0000000012410000,0x0000000012c00000] byte_map_base: 0x000000000edfe000

Marking Bits: (ParMarkBitMap*) 0x00000000623b0860
 Begin Bits: [0x0000000013b50000, 0x0000000017ac0000)
 End Bits:   [0x0000000017ac0000, 0x000000001ba30000)

Polling page: 0x0000000001010000

CodeCache: size=245760Kb used=328Kb max_used=328Kb free=245431Kb
 bounds [0x0000000003050000, 0x00000000032c0000, 0x0000000012050000]
 total_blobs=58 nmethods=0 adapters=38
 compilation: enabled

Compilation events (0 events):
No events

GC Heap History (0 events):
No events

Deoptimization events (0 events):
No events

Classes redefined (0 events):
No events

Internal exceptions (0 events):
No events

Events (10 events):
Event: 0.038 loading class java/lang/Short
Event: 0.038 loading class java/lang/Short done
Event: 0.038 loading class java/lang/Integer
Event: 0.038 loading class java/lang/Integer done
Event: 0.038 loading class java/lang/Long
Event: 0.038 loading class java/lang/Long done
Event: 0.039 loading class java/lang/NullPointerException
Event: 0.039 loading class java/lang/NullPointerException done
Event: 0.039 loading class java/lang/ArithmeticException
Event: 0.039 loading class java/lang/ArithmeticException done


Dynamic libraries:
0x00007ff78e090000 - 0x00007ff78e0c7000 	D:\develop\Java\jdk1.8.0_152\bin\java.exe
0x00007ffe225c0000 - 0x00007ffe227ad000 	C:\Windows\SYSTEM32\ntdll.dll
0x00007ffe21aa0000 - 0x00007ffe21b53000 	C:\Windows\System32\KERNEL32.DLL
0x00007ffe1f540000 - 0x00007ffe1f7d3000 	C:\Windows\System32\KERNELBASE.dll
0x00007ffe21b60000 - 0x00007ffe21c03000 	C:\Windows\System32\ADVAPI32.dll
0x00007ffe22470000 - 0x00007ffe2250e000 	C:\Windows\System32\msvcrt.dll
0x00007ffe22030000 - 0x00007ffe220ce000 	C:\Windows\System32\sechost.dll
0x00007ffe222e0000 - 0x00007ffe22402000 	C:\Windows\System32\RPCRT4.dll
0x00007ffe21900000 - 0x00007ffe21a97000 	C:\Windows\System32\USER32.dll
0x00007ffe1f0a0000 - 0x00007ffe1f0c0000 	C:\Windows\System32\win32u.dll
0x00007ffe20170000 - 0x00007ffe20199000 	C:\Windows\System32\GDI32.dll
0x00007ffe1e680000 - 0x00007ffe1e819000 	C:\Windows\System32\gdi32full.dll
0x00007ffe1f4a0000 - 0x00007ffe1f540000 	C:\Windows\System32\msvcp_win.dll
0x00007ffe1f0c0000 - 0x00007ffe1f1ba000 	C:\Windows\System32\ucrtbase.dll
0x00007ffe06890000 - 0x00007ffe06b09000 	C:\Windows\WinSxS\amd64_microsoft.windows.common-controls_6595b64144ccf1df_6.0.17763.719_none_05b84458071c8757\COMCTL32.dll
0x00007ffe21d00000 - 0x00007ffe2202c000 	C:\Windows\System32\combase.dll
0x00007ffe1e820000 - 0x00007ffe1e89e000 	C:\Windows\System32\bcryptPrimitives.dll
0x00007ffe201a0000 - 0x00007ffe201ce000 	C:\Windows\System32\IMM32.DLL
0x00000000630e0000 - 0x00000000631b2000 	D:\develop\Java\jdk1.8.0_152\jre\bin\msvcr100.dll
0x0000000061b90000 - 0x0000000062430000 	D:\develop\Java\jdk1.8.0_152\jre\bin\server\jvm.dll
0x00007ffe1fa60000 - 0x00007ffe1fa68000 	C:\Windows\System32\PSAPI.DLL
0x00007ffe1c6a0000 - 0x00007ffe1c6c4000 	C:\Windows\SYSTEM32\WINMM.dll
0x00007ffe16bb0000 - 0x00007ffe16bba000 	C:\Windows\SYSTEM32\VERSION.dll
0x00007ffe0e600000 - 0x00007ffe0e609000 	C:\Windows\SYSTEM32\WSOCK32.dll
0x00007ffe21c90000 - 0x00007ffe21cfd000 	C:\Windows\System32\WS2_32.dll
0x00007ffe1c580000 - 0x00007ffe1c5ad000 	C:\Windows\SYSTEM32\winmmbase.dll
0x00007ffe1f1c0000 - 0x00007ffe1f20a000 	C:\Windows\System32\cfgmgr32.dll
0x00000000630d0000 - 0x00000000630df000 	D:\develop\Java\jdk1.8.0_152\jre\bin\verify.dll
0x00000000630a0000 - 0x00000000630c9000 	D:\develop\Java\jdk1.8.0_152\jre\bin\java.dll
0x0000000063050000 - 0x0000000063073000 	D:\develop\Java\jdk1.8.0_152\jre\bin\instrument.dll
0x0000000063080000 - 0x0000000063096000 	D:\develop\Java\jdk1.8.0_152\jre\bin\zip.dll

VM Arguments:
jvm_args: -XX:TieredStopAtLevel=1 -Xverify:none -Dspring.output.ansi.enabled=always -Dcom.sun.management.jmxremote -Dspring.jmx.enabled=true -Dspring.liveBeansView.mbeanDomain -Dspring.application.admin.enabled=true -javaagent:D:\develop\ideaIU-2019.1.3.win\lib\idea_rt.jar=2228:D:\develop\ideaIU-2019.1.3.win\bin -Dfile.encoding=UTF-8 
java_command: com.heima.user.LyUserApplication
java_class_path (initial): D:\develop\Java\jdk1.8.0_152\jre\lib\charsets.jar;D:\develop\Java\jdk1.8.0_152\jre\lib\deploy.jar;D:\develop\Java\jdk1.8.0_152\jre\lib\ext\access-bridge-64.jar;D:\develop\Java\jdk1.8.0_152\jre\lib\ext\cldrdata.jar;D:\develop\Java\jdk1.8.0_152\jre\lib\ext\dnsns.jar;D:\develop\Java\jdk1.8.0_152\jre\lib\ext\jaccess.jar;D:\develop\Java\jdk1.8.0_152\jre\lib\ext\jfxrt.jar;D:\develop\Java\jdk1.8.0_152\jre\lib\ext\localedata.jar;D:\develop\Java\jdk1.8.0_152\jre\lib\ext\nashorn.jar;D:\develop\Java\jdk1.8.0_152\jre\lib\ext\sunec.jar;D:\develop\Java\jdk1.8.0_152\jre\lib\ext\sunjce_provider.jar;D:\develop\Java\jdk1.8.0_152\jre\lib\ext\sunmscapi.jar;D:\develop\Java\jdk1.8.0_152\jre\lib\ext\sunpkcs11.jar;D:\develop\Java\jdk1.8.0_152\jre\lib\ext\zipfs.jar;D:\develop\Java\jdk1.8.0_152\jre\lib\javaws.jar;D:\develop\Java\jdk1.8.0_152\jre\lib\jce.jar;D:\develop\Java\jdk1.8.0_152\jre\lib\jfr.jar;D:\develop\Java\jdk1.8.0_152\jre\lib\jfxswt.jar;D:\develop\Java\jdk1.8.0_152\jre\lib\jsse.jar;D:\develop\Java\jdk1.8.0_152\jre\lib\management-agent.jar;D:\develop\Java\jdk1.8.0_152\jre\lib\plugin.jar;D:\develop\Java\jdk1.8.0_152\jre\lib\resources.jar;D:\develop\Java\jdk1.8.0_152\jre\lib\rt.jar;F:\ideawork\leyou\ly-user\ly-user-service\target\classes;D:\develop\apache-maven-3.2.3\repository\org\springframework\boot\spring-boot-starter-web\2.1.3.RELEASE\spring-boot-starter-web-2.1.3.RELEASE.jar;D:\develop\apache-maven-3.2.3\repository\org\springframework\boot\spring-boot-starter\2.1.3.RELEASE\spring-boot-starter-2.1.3.RELEASE.jar;D:\develop\apache-maven-3.2.3\repository\org\springframework\boot\spring-boot\2.1.3.RELEASE\spring-boot-2.1.3.RELEASE.jar;D:\develop\apache-maven-3.2.3\repository\org\springframework\boot\spring-boot-autoconfigure\2.1.3.RELEASE\spring-boot-autoconfigure-2.1.3.RELEASE.jar;D:\develop\apache-maven-3.2.3\repository\javax\annotation\javax.annotation-api\1.3.2\javax.annotation-api-1.3.2.jar;D:\develop\apache-maven-3.2.3\repository\org\springframewo
Launcher Type: SUN_STANDARD

Environment Variables:
JAVA_HOME=D:\develop\Java\jdk1.8.0_152
PATH=D:\develop\NetSarang\Xftp 6\;D:\develop\xshell\;D:\develop\Java\jdk1.8.0_152\bin;C:\Windows\system32;C:\Windows;C:\Windows\System32\Wbem;C:\Windows\System32\WindowsPowerShell\v1.0\;C:\Windows\System32\OpenSSH\;C:\Program Files\Intel\WiFi\bin\;C:\Program Files\Common Files\Intel\WirelessCommon\;C:\Program Files\NVIDIA Corporation\NVIDIA NGX;C:\Program Files (x86)\NVIDIA Corporation\PhysX\Common;C:\Program Files\NVIDIA Corporation\NVIDIA NvDLISR;D:\develop\MySQL\MySQLServer 5.6\bin;D:\develop\apache-maven-3.2.3\bin;D:\develop\TortoiseGit\bin;D:\develop\nodejs\;C:\Users\YJF\AppData\Local\Microsoft\WindowsApps;C:\Users\YJF\AppData\Roaming\npm
USERNAME=YJF
OS=Windows_NT
PROCESSOR_IDENTIFIER=Intel64 Family 6 Model 158 Stepping 10, GenuineIntel



---------------  S Y S T E M  ---------------

OS: Windows 10.0 , 64 bit Build 17763 (10.0.17763.475)

CPU:total 12 (initial active 12) (6 cores per cpu, 2 threads per core) family 6 model 158 stepping 10, cmov, cx8, fxsr, mmx, sse, sse2, sse3, ssse3, sse4.1, sse4.2, popcnt, avx, avx2, aes, clmul, erms, 3dnowpref, lzcnt, ht, tsc, tscinvbit, bmi1, bmi2, adx

Memory: 4k page, physical 16629604k(7740864k free), swap 32216160k(5156k free)

vm_info: Java HotSpot(TM) 64-Bit Server VM (25.152-b16) for windows-amd64 JRE (1.8.0_152-b16), built on Sep 14 2017 02:29:36 by "java_re" with MS VC++ 10.0 (VS2010)

time: Fri Aug 30 17:28:57 2019
elapsed time: 0 seconds (0d 0h 0m 0s)

